=======
s11
=======
s27
=======
s25
=======
s18
=======
s31
=======
s2
=======
s23
=======
s24
=======
s22
=======
s4
=======
s33
=======
s14
=======
s6
=======
s13
=======
s34
=======
s26
=======
s20
=======
s9
=======
s17
=======
s28
=======
s32
=======
s19
=======
s30
=======
s5
=======
s15
=======
s12
=======
s10
=======
s3
=======
s29
=======
s16
=======
s7
=======
s1
=======
s8
==============
/media/chang/fe3dd8af-5577-42cb-95fb-4bd30a47cc9e/dataset/GRID/frames/s8/lbip6a
<open file '/media/chang/fe3dd8af-5577-42cb-95fb-4bd30a47cc9e/dataset/GRID/align/s8/align/lbip6a.align', mode 'r' at 0x7f5b3acc8270>
==============
/media/chang/fe3dd8af-5577-42cb-95fb-4bd30a47cc9e/dataset/GRID/frames/s8/lgazzs
<open file '/media/chang/fe3dd8af-5577-42cb-95fb-4bd30a47cc9e/dataset/GRID/align/s8/align/lgazzs.align', mode 'r' at 0x7f5b3acc8300>
==============
/media/chang/fe3dd8af-5577-42cb-95fb-4bd30a47cc9e/dataset/GRID/frames/s8/prwc9p
<open file '/media/chang/fe3dd8af-5577-42cb-95fb-4bd30a47cc9e/dataset/GRID/align/s8/align/prwc9p.align', mode 'r' at 0x7f5b3acc8270>
==============
/media/chang/fe3dd8af-5577-42cb-95fb-4bd30a47cc9e/dataset/GRID/frames/s8/bgwa8s
<open file '/media/chang/fe3dd8af-5577-42cb-95fb-4bd30a47cc9e/dataset/GRID/align/s8/align/bgwa8s.align', mode 'r' at 0x7f5b3acc8270>
==============
/media/chang/fe3dd8af-5577-42cb-95fb-4bd30a47cc9e/dataset/GRID/frames/s8/pwii6s
<open file '/media/chang/fe3dd8af-5577-42cb-95fb-4bd30a47cc9e/dataset/GRID/align/s8/align/pwii6s.align', mode 'r' at 0x7f5b3acc8300>
==============
/media/chang/fe3dd8af-5577-42cb-95fb-4bd30a47cc9e/dataset/GRID/frames/s8/pwbp8s
<open file '/media/chang/fe3dd8af-5577-42cb-95fb-4bd30a47cc9e/dataset/GRID/align/s8/align/pwbp8s.align', mode 'r' at 0x7f5b3acc8300>
==============
/media/chang/fe3dd8af-5577-42cb-95fb-4bd30a47cc9e/dataset/GRID/frames/s8/bgwn6s
<open file '/media/chang/fe3dd8af-5577-42cb-95fb-4bd30a47cc9e/dataset/GRID/align/s8/align/bgwn6s.align', mode 'r' at 0x7f5b3acc80c0>
==============
/media/chang/fe3dd8af-5577-42cb-95fb-4bd30a47cc9e/dataset/GRID/frames/s8/lwwl6a
<open file '/media/chang/fe3dd8af-5577-42cb-95fb-4bd30a47cc9e/dataset/GRID/align/s8/align/lwwl6a.align', mode 'r' at 0x7f5b3acc80c0>
==============
/media/chang/fe3dd8af-5577-42cb-95fb-4bd30a47cc9e/dataset/GRID/frames/s8/prii2a
<open file '/media/chang/fe3dd8af-5577-42cb-95fb-4bd30a47cc9e/dataset/GRID/align/s8/align/prii2a.align', mode 'r' at 0x7f5b3acc8150>
==============
/media/chang/fe3dd8af-5577-42cb-95fb-4bd30a47cc9e/dataset/GRID/frames/s8/swwb8s
<open file '/media/chang/fe3dd8af-5577-42cb-95fb-4bd30a47cc9e/dataset/GRID/align/s8/align/swwb8s.align', mode 'r' at 0x7f5b3acc8270>
==============
/media/chang/fe3dd8af-5577-42cb-95fb-4bd30a47cc9e/dataset/GRID/frames/s8/sgih5n
<open file '/media/chang/fe3dd8af-5577-42cb-95fb-4bd30a47cc9e/dataset/GRID/align/s8/align/sgih5n.align', mode 'r' at 0x7f5b3acc8150>
==============
/media/chang/fe3dd8af-5577-42cb-95fb-4bd30a47cc9e/dataset/GRID/frames/s8/bbik5n
<open file '/media/chang/fe3dd8af-5577-42cb-95fb-4bd30a47cc9e/dataset/GRID/align/s8/align/bbik5n.align', mode 'r' at 0x7f5b3acc80c0>
==============
/media/chang/fe3dd8af-5577-42cb-95fb-4bd30a47cc9e/dataset/GRID/frames/s8/prwx2a
<open file '/media/chang/fe3dd8af-5577-42cb-95fb-4bd30a47cc9e/dataset/GRID/align/s8/align/prwx2a.align', mode 'r' at 0x7f5b3acc8270>
==============
/media/chang/fe3dd8af-5577-42cb-95fb-4bd30a47cc9e/dataset/GRID/frames/s8/pwbqza
<open file '/media/chang/fe3dd8af-5577-42cb-95fb-4bd30a47cc9e/dataset/GRID/align/s8/align/pwbqza.align', mode 'r' at 0x7f5b3acc81e0>
==============
/media/chang/fe3dd8af-5577-42cb-95fb-4bd30a47cc9e/dataset/GRID/frames/s8/swia6s
<open file '/media/chang/fe3dd8af-5577-42cb-95fb-4bd30a47cc9e/dataset/GRID/align/s8/align/swia6s.align', mode 'r' at 0x7f5b3acc81e0>
==============
/media/chang/fe3dd8af-5577-42cb-95fb-4bd30a47cc9e/dataset/GRID/frames/s8/prio4s
<open file '/media/chang/fe3dd8af-5577-42cb-95fb-4bd30a47cc9e/dataset/GRID/align/s8/align/prio4s.align', mode 'r' at 0x7f5b3acc81e0>
==============
/media/chang/fe3dd8af-5577-42cb-95fb-4bd30a47cc9e/dataset/GRID/frames/s8/lrbd9n
<open file '/media/chang/fe3dd8af-5577-42cb-95fb-4bd30a47cc9e/dataset/GRID/align/s8/align/lrbd9n.align', mode 'r' at 0x7f5b3acc81e0>
==============
/media/chang/fe3dd8af-5577-42cb-95fb-4bd30a47cc9e/dataset/GRID/frames/s8/bwbg1n
<open file '/media/chang/fe3dd8af-5577-42cb-95fb-4bd30a47cc9e/dataset/GRID/align/s8/align/bwbg1n.align', mode 'r' at 0x7f5b3acc81e0>
==============
/media/chang/fe3dd8af-5577-42cb-95fb-4bd30a47cc9e/dataset/GRID/frames/s8/sgbo7n
<open file '/media/chang/fe3dd8af-5577-42cb-95fb-4bd30a47cc9e/dataset/GRID/align/s8/align/sgbo7n.align', mode 'r' at 0x7f5b3acc80c0>
==============
/media/chang/fe3dd8af-5577-42cb-95fb-4bd30a47cc9e/dataset/GRID/frames/s8/sgbi4s
<open file '/media/chang/fe3dd8af-5577-42cb-95fb-4bd30a47cc9e/dataset/GRID/align/s8/align/sgbi4s.align', mode 'r' at 0x7f5b3acc81e0>
==============
/media/chang/fe3dd8af-5577-42cb-95fb-4bd30a47cc9e/dataset/GRID/frames/s8/braz5p
<open file '/media/chang/fe3dd8af-5577-42cb-95fb-4bd30a47cc9e/dataset/GRID/align/s8/align/braz5p.align', mode 'r' at 0x7f5b3acc8300>
==============
/media/chang/fe3dd8af-5577-42cb-95fb-4bd30a47cc9e/dataset/GRID/frames/s8/bwaf7n
<open file '/media/chang/fe3dd8af-5577-42cb-95fb-4bd30a47cc9e/dataset/GRID/align/s8/align/bwaf7n.align', mode 'r' at 0x7f5b3acc8150>
==============
/media/chang/fe3dd8af-5577-42cb-95fb-4bd30a47cc9e/dataset/GRID/frames/s8/pgbd7p
<open file '/media/chang/fe3dd8af-5577-42cb-95fb-4bd30a47cc9e/dataset/GRID/align/s8/align/pgbd7p.align', mode 'r' at 0x7f5b3acc8270>
==============
/media/chang/fe3dd8af-5577-42cb-95fb-4bd30a47cc9e/dataset/GRID/frames/s8/brwf9n
<open file '/media/chang/fe3dd8af-5577-42cb-95fb-4bd30a47cc9e/dataset/GRID/align/s8/align/brwf9n.align', mode 'r' at 0x7f5b3acc8270>
==============
/media/chang/fe3dd8af-5577-42cb-95fb-4bd30a47cc9e/dataset/GRID/frames/s8/swbh8s
<open file '/media/chang/fe3dd8af-5577-42cb-95fb-4bd30a47cc9e/dataset/GRID/align/s8/align/swbh8s.align', mode 'r' at 0x7f5b3acc8150>
==============
/media/chang/fe3dd8af-5577-42cb-95fb-4bd30a47cc9e/dataset/GRID/frames/s8/bbir1p
<open file '/media/chang/fe3dd8af-5577-42cb-95fb-4bd30a47cc9e/dataset/GRID/align/s8/align/bbir1p.align', mode 'r' at 0x7f5b3acc80c0>
==============
/media/chang/fe3dd8af-5577-42cb-95fb-4bd30a47cc9e/dataset/GRID/frames/s8/pgbq6a
<open file '/media/chang/fe3dd8af-5577-42cb-95fb-4bd30a47cc9e/dataset/GRID/align/s8/align/pgbq6a.align', mode 'r' at 0x7f5b3acc8270>
==============
/media/chang/fe3dd8af-5577-42cb-95fb-4bd30a47cc9e/dataset/GRID/frames/s8/brbf7p
<open file '/media/chang/fe3dd8af-5577-42cb-95fb-4bd30a47cc9e/dataset/GRID/align/s8/align/brbf7p.align', mode 'r' at 0x7f5b3acc8150>
==============
/media/chang/fe3dd8af-5577-42cb-95fb-4bd30a47cc9e/dataset/GRID/frames/s8/pgbj9n
<open file '/media/chang/fe3dd8af-5577-42cb-95fb-4bd30a47cc9e/dataset/GRID/align/s8/align/pgbj9n.align', mode 'r' at 0x7f5b3acc8300>
==============
/media/chang/fe3dd8af-5577-42cb-95fb-4bd30a47cc9e/dataset/GRID/frames/s8/bganza
<open file '/media/chang/fe3dd8af-5577-42cb-95fb-4bd30a47cc9e/dataset/GRID/align/s8/align/bganza.align', mode 'r' at 0x7f5b3acc81e0>
==============
/media/chang/fe3dd8af-5577-42cb-95fb-4bd30a47cc9e/dataset/GRID/frames/s8/lbwd8s
<open file '/media/chang/fe3dd8af-5577-42cb-95fb-4bd30a47cc9e/dataset/GRID/align/s8/align/lbwd8s.align', mode 'r' at 0x7f5b3acc8270>
==============
/media/chang/fe3dd8af-5577-42cb-95fb-4bd30a47cc9e/dataset/GRID/frames/s8/srwb1n
<open file '/media/chang/fe3dd8af-5577-42cb-95fb-4bd30a47cc9e/dataset/GRID/align/s8/align/srwb1n.align', mode 'r' at 0x7f5b3acc80c0>
==============
/media/chang/fe3dd8af-5577-42cb-95fb-4bd30a47cc9e/dataset/GRID/frames/s8/lrip9n
<open file '/media/chang/fe3dd8af-5577-42cb-95fb-4bd30a47cc9e/dataset/GRID/align/s8/align/lrip9n.align', mode 'r' at 0x7f5b3acc8300>
==============
/media/chang/fe3dd8af-5577-42cb-95fb-4bd30a47cc9e/dataset/GRID/frames/s8/lbbx5n
<open file '/media/chang/fe3dd8af-5577-42cb-95fb-4bd30a47cc9e/dataset/GRID/align/s8/align/lbbx5n.align', mode 'r' at 0x7f5b3acc8270>
==============
/media/chang/fe3dd8af-5577-42cb-95fb-4bd30a47cc9e/dataset/GRID/frames/s8/lgir2s
<open file '/media/chang/fe3dd8af-5577-42cb-95fb-4bd30a47cc9e/dataset/GRID/align/s8/align/lgir2s.align', mode 'r' at 0x7f5b3acc81e0>
==============
/media/chang/fe3dd8af-5577-42cb-95fb-4bd30a47cc9e/dataset/GRID/frames/s8/lwiyzs
<open file '/media/chang/fe3dd8af-5577-42cb-95fb-4bd30a47cc9e/dataset/GRID/align/s8/align/lwiyzs.align', mode 'r' at 0x7f5b3acc81e0>
==============
/media/chang/fe3dd8af-5577-42cb-95fb-4bd30a47cc9e/dataset/GRID/frames/s8/lbwx9n
<open file '/media/chang/fe3dd8af-5577-42cb-95fb-4bd30a47cc9e/dataset/GRID/align/s8/align/lbwx9n.align', mode 'r' at 0x7f5b3acc8150>
==============
/media/chang/fe3dd8af-5577-42cb-95fb-4bd30a47cc9e/dataset/GRID/frames/s8/bbirzs
<open file '/media/chang/fe3dd8af-5577-42cb-95fb-4bd30a47cc9e/dataset/GRID/align/s8/align/bbirzs.align', mode 'r' at 0x7f5b3acc81e0>
==============
/media/chang/fe3dd8af-5577-42cb-95fb-4bd30a47cc9e/dataset/GRID/frames/s8/sbaaza
<open file '/media/chang/fe3dd8af-5577-42cb-95fb-4bd30a47cc9e/dataset/GRID/align/s8/align/sbaaza.align', mode 'r' at 0x7f5b3acc81e0>
==============
/media/chang/fe3dd8af-5577-42cb-95fb-4bd30a47cc9e/dataset/GRID/frames/s8/pgwd9n
<open file '/media/chang/fe3dd8af-5577-42cb-95fb-4bd30a47cc9e/dataset/GRID/align/s8/align/pgwd9n.align', mode 'r' at 0x7f5b3acc80c0>
==============
/media/chang/fe3dd8af-5577-42cb-95fb-4bd30a47cc9e/dataset/GRID/frames/s8/pwic1n
<open file '/media/chang/fe3dd8af-5577-42cb-95fb-4bd30a47cc9e/dataset/GRID/align/s8/align/pwic1n.align', mode 'r' at 0x7f5b3acc81e0>
==============
/media/chang/fe3dd8af-5577-42cb-95fb-4bd30a47cc9e/dataset/GRID/frames/s8/pbwc1n
<open file '/media/chang/fe3dd8af-5577-42cb-95fb-4bd30a47cc9e/dataset/GRID/align/s8/align/pbwc1n.align', mode 'r' at 0x7f5b3acc81e0>
==============
/media/chang/fe3dd8af-5577-42cb-95fb-4bd30a47cc9e/dataset/GRID/frames/s8/pwbj4s
<open file '/media/chang/fe3dd8af-5577-42cb-95fb-4bd30a47cc9e/dataset/GRID/align/s8/align/pwbj4s.align', mode 'r' at 0x7f5b3acc81e0>
==============
/media/chang/fe3dd8af-5577-42cb-95fb-4bd30a47cc9e/dataset/GRID/frames/s8/lbbq2s
<open file '/media/chang/fe3dd8af-5577-42cb-95fb-4bd30a47cc9e/dataset/GRID/align/s8/align/lbbq2s.align', mode 'r' at 0x7f5b3acc8150>
==============
/media/chang/fe3dd8af-5577-42cb-95fb-4bd30a47cc9e/dataset/GRID/frames/s8/sbigza
<open file '/media/chang/fe3dd8af-5577-42cb-95fb-4bd30a47cc9e/dataset/GRID/align/s8/align/sbigza.align', mode 'r' at 0x7f5b3acc8150>
==============
/media/chang/fe3dd8af-5577-42cb-95fb-4bd30a47cc9e/dataset/GRID/frames/s8/lbwy2a
<open file '/media/chang/fe3dd8af-5577-42cb-95fb-4bd30a47cc9e/dataset/GRID/align/s8/align/lbwy2a.align', mode 'r' at 0x7f5b3acc8300>
==============
/media/chang/fe3dd8af-5577-42cb-95fb-4bd30a47cc9e/dataset/GRID/frames/s8/bbay9p
<open file '/media/chang/fe3dd8af-5577-42cb-95fb-4bd30a47cc9e/dataset/GRID/align/s8/align/bbay9p.align', mode 'r' at 0x7f5b3acc80c0>
==============
/media/chang/fe3dd8af-5577-42cb-95fb-4bd30a47cc9e/dataset/GRID/frames/s8/lrak2a
<open file '/media/chang/fe3dd8af-5577-42cb-95fb-4bd30a47cc9e/dataset/GRID/align/s8/align/lrak2a.align', mode 'r' at 0x7f5b3acc81e0>
==============
/media/chang/fe3dd8af-5577-42cb-95fb-4bd30a47cc9e/dataset/GRID/frames/s8/sgao6a
<open file '/media/chang/fe3dd8af-5577-42cb-95fb-4bd30a47cc9e/dataset/GRID/align/s8/align/sgao6a.align', mode 'r' at 0x7f5b3acc81e0>
==============
/media/chang/fe3dd8af-5577-42cb-95fb-4bd30a47cc9e/dataset/GRID/frames/s8/prav1n
<open file '/media/chang/fe3dd8af-5577-42cb-95fb-4bd30a47cc9e/dataset/GRID/align/s8/align/prav1n.align', mode 'r' at 0x7f5b3acc8300>
==============
/media/chang/fe3dd8af-5577-42cb-95fb-4bd30a47cc9e/dataset/GRID/frames/s8/pwwx7p
<open file '/media/chang/fe3dd8af-5577-42cb-95fb-4bd30a47cc9e/dataset/GRID/align/s8/align/pwwx7p.align', mode 'r' at 0x7f5b3acc8300>
==============
/media/chang/fe3dd8af-5577-42cb-95fb-4bd30a47cc9e/dataset/GRID/frames/s8/brbm1p
<open file '/media/chang/fe3dd8af-5577-42cb-95fb-4bd30a47cc9e/dataset/GRID/align/s8/align/brbm1p.align', mode 'r' at 0x7f5b3acc8300>
==============
/media/chang/fe3dd8af-5577-42cb-95fb-4bd30a47cc9e/dataset/GRID/frames/s8/pbioza
<open file '/media/chang/fe3dd8af-5577-42cb-95fb-4bd30a47cc9e/dataset/GRID/align/s8/align/pbioza.align', mode 'r' at 0x7f5b3acc8150>
==============
/media/chang/fe3dd8af-5577-42cb-95fb-4bd30a47cc9e/dataset/GRID/frames/s8/bwwt5p
<open file '/media/chang/fe3dd8af-5577-42cb-95fb-4bd30a47cc9e/dataset/GRID/align/s8/align/bwwt5p.align', mode 'r' at 0x7f5b3acc8300>
==============
/media/chang/fe3dd8af-5577-42cb-95fb-4bd30a47cc9e/dataset/GRID/frames/s8/lgar7p
<open file '/media/chang/fe3dd8af-5577-42cb-95fb-4bd30a47cc9e/dataset/GRID/align/s8/align/lgar7p.align', mode 'r' at 0x7f5b3acc80c0>
==============
/media/chang/fe3dd8af-5577-42cb-95fb-4bd30a47cc9e/dataset/GRID/frames/s8/pbab6a
<open file '/media/chang/fe3dd8af-5577-42cb-95fb-4bd30a47cc9e/dataset/GRID/align/s8/align/pbab6a.align', mode 'r' at 0x7f5b3acc8270>
==============
/media/chang/fe3dd8af-5577-42cb-95fb-4bd30a47cc9e/dataset/GRID/frames/s8/brie8s
<open file '/media/chang/fe3dd8af-5577-42cb-95fb-4bd30a47cc9e/dataset/GRID/align/s8/align/brie8s.align', mode 'r' at 0x7f5b3acc8270>
==============
/media/chang/fe3dd8af-5577-42cb-95fb-4bd30a47cc9e/dataset/GRID/frames/s8/brwg2a
<open file '/media/chang/fe3dd8af-5577-42cb-95fb-4bd30a47cc9e/dataset/GRID/align/s8/align/brwg2a.align', mode 'r' at 0x7f5b3acc81e0>
==============
/media/chang/fe3dd8af-5577-42cb-95fb-4bd30a47cc9e/dataset/GRID/frames/s8/lrad8a
<open file '/media/chang/fe3dd8af-5577-42cb-95fb-4bd30a47cc9e/dataset/GRID/align/s8/align/lrad8a.align', mode 'r' at 0x7f5b3acc81e0>
==============
/media/chang/fe3dd8af-5577-42cb-95fb-4bd30a47cc9e/dataset/GRID/frames/s8/lraq3n
<open file '/media/chang/fe3dd8af-5577-42cb-95fb-4bd30a47cc9e/dataset/GRID/align/s8/align/lraq3n.align', mode 'r' at 0x7f5b3acc81e0>
==============
/media/chang/fe3dd8af-5577-42cb-95fb-4bd30a47cc9e/dataset/GRID/frames/s8/pgwe1p
<open file '/media/chang/fe3dd8af-5577-42cb-95fb-4bd30a47cc9e/dataset/GRID/align/s8/align/pgwe1p.align', mode 'r' at 0x7f5b3acc81e0>
==============
/media/chang/fe3dd8af-5577-42cb-95fb-4bd30a47cc9e/dataset/GRID/frames/s8/srbh1n
<open file '/media/chang/fe3dd8af-5577-42cb-95fb-4bd30a47cc9e/dataset/GRID/align/s8/align/srbh1n.align', mode 'r' at 0x7f5b3acc8270>
==============
/media/chang/fe3dd8af-5577-42cb-95fb-4bd30a47cc9e/dataset/GRID/frames/s8/pbwv6a
<open file '/media/chang/fe3dd8af-5577-42cb-95fb-4bd30a47cc9e/dataset/GRID/align/s8/align/pbwv6a.align', mode 'r' at 0x7f5b3acc8270>
==============
/media/chang/fe3dd8af-5577-42cb-95fb-4bd30a47cc9e/dataset/GRID/frames/s8/sgai1p
<open file '/media/chang/fe3dd8af-5577-42cb-95fb-4bd30a47cc9e/dataset/GRID/align/s8/align/sgai1p.align', mode 'r' at 0x7f5b3acc81e0>
==============
/media/chang/fe3dd8af-5577-42cb-95fb-4bd30a47cc9e/dataset/GRID/frames/s8/lwak7p
<open file '/media/chang/fe3dd8af-5577-42cb-95fb-4bd30a47cc9e/dataset/GRID/align/s8/align/lwak7p.align', mode 'r' at 0x7f5b3acc80c0>
==============
/media/chang/fe3dd8af-5577-42cb-95fb-4bd30a47cc9e/dataset/GRID/frames/s8/pbbb8s
<open file '/media/chang/fe3dd8af-5577-42cb-95fb-4bd30a47cc9e/dataset/GRID/align/s8/align/pbbb8s.align', mode 'r' at 0x7f5b3acc80c0>
==============
/media/chang/fe3dd8af-5577-42cb-95fb-4bd30a47cc9e/dataset/GRID/frames/s8/lbbx6s
<open file '/media/chang/fe3dd8af-5577-42cb-95fb-4bd30a47cc9e/dataset/GRID/align/s8/align/lbbx6s.align', mode 'r' at 0x7f5b3acc8300>
==============
/media/chang/fe3dd8af-5577-42cb-95fb-4bd30a47cc9e/dataset/GRID/frames/s8/pbau5n
<open file '/media/chang/fe3dd8af-5577-42cb-95fb-4bd30a47cc9e/dataset/GRID/align/s8/align/pbau5n.align', mode 'r' at 0x7f5b3acc81e0>
==============
/media/chang/fe3dd8af-5577-42cb-95fb-4bd30a47cc9e/dataset/GRID/frames/s8/sbwn6a
<open file '/media/chang/fe3dd8af-5577-42cb-95fb-4bd30a47cc9e/dataset/GRID/align/s8/align/sbwn6a.align', mode 'r' at 0x7f5b3acc81e0>
==============
/media/chang/fe3dd8af-5577-42cb-95fb-4bd30a47cc9e/dataset/GRID/frames/s8/pwav7n
<open file '/media/chang/fe3dd8af-5577-42cb-95fb-4bd30a47cc9e/dataset/GRID/align/s8/align/pwav7n.align', mode 'r' at 0x7f5b3acc81e0>
==============
/media/chang/fe3dd8af-5577-42cb-95fb-4bd30a47cc9e/dataset/GRID/frames/s8/srbh4a
<open file '/media/chang/fe3dd8af-5577-42cb-95fb-4bd30a47cc9e/dataset/GRID/align/s8/align/srbh4a.align', mode 'r' at 0x7f5b3acc8150>
==============
/media/chang/fe3dd8af-5577-42cb-95fb-4bd30a47cc9e/dataset/GRID/frames/s8/lbbd6a
<open file '/media/chang/fe3dd8af-5577-42cb-95fb-4bd30a47cc9e/dataset/GRID/align/s8/align/lbbd6a.align', mode 'r' at 0x7f5b3acc8270>
==============
/media/chang/fe3dd8af-5577-42cb-95fb-4bd30a47cc9e/dataset/GRID/frames/s8/lbwk2s
<open file '/media/chang/fe3dd8af-5577-42cb-95fb-4bd30a47cc9e/dataset/GRID/align/s8/align/lbwk2s.align', mode 'r' at 0x7f5b3acc81e0>
==============
/media/chang/fe3dd8af-5577-42cb-95fb-4bd30a47cc9e/dataset/GRID/frames/s8/pwwq2s
<open file '/media/chang/fe3dd8af-5577-42cb-95fb-4bd30a47cc9e/dataset/GRID/align/s8/align/pwwq2s.align', mode 'r' at 0x7f5b3acc8150>
==============
/media/chang/fe3dd8af-5577-42cb-95fb-4bd30a47cc9e/dataset/GRID/frames/s8/swit9p
<open file '/media/chang/fe3dd8af-5577-42cb-95fb-4bd30a47cc9e/dataset/GRID/align/s8/align/swit9p.align', mode 'r' at 0x7f5b3acc8300>
==============
/media/chang/fe3dd8af-5577-42cb-95fb-4bd30a47cc9e/dataset/GRID/frames/s8/bwwa2s
<open file '/media/chang/fe3dd8af-5577-42cb-95fb-4bd30a47cc9e/dataset/GRID/align/s8/align/bwwa2s.align', mode 'r' at 0x7f5b3acc80c0>
==============
/media/chang/fe3dd8af-5577-42cb-95fb-4bd30a47cc9e/dataset/GRID/frames/s8/pwbj6a
<open file '/media/chang/fe3dd8af-5577-42cb-95fb-4bd30a47cc9e/dataset/GRID/align/s8/align/pwbj6a.align', mode 'r' at 0x7f5b3acc81e0>
==============
/media/chang/fe3dd8af-5577-42cb-95fb-4bd30a47cc9e/dataset/GRID/frames/s8/lbip3n
<open file '/media/chang/fe3dd8af-5577-42cb-95fb-4bd30a47cc9e/dataset/GRID/align/s8/align/lbip3n.align', mode 'r' at 0x7f5b3acc80c0>
==============
/media/chang/fe3dd8af-5577-42cb-95fb-4bd30a47cc9e/dataset/GRID/frames/s8/sgih8a
<open file '/media/chang/fe3dd8af-5577-42cb-95fb-4bd30a47cc9e/dataset/GRID/align/s8/align/sgih8a.align', mode 'r' at 0x7f5b3acc81e0>
==============
/media/chang/fe3dd8af-5577-42cb-95fb-4bd30a47cc9e/dataset/GRID/frames/s8/swwv2a
<open file '/media/chang/fe3dd8af-5577-42cb-95fb-4bd30a47cc9e/dataset/GRID/align/s8/align/swwv2a.align', mode 'r' at 0x7f5b3acc81e0>
==============
/media/chang/fe3dd8af-5577-42cb-95fb-4bd30a47cc9e/dataset/GRID/frames/s8/lwae4a
<open file '/media/chang/fe3dd8af-5577-42cb-95fb-4bd30a47cc9e/dataset/GRID/align/s8/align/lwae4a.align', mode 'r' at 0x7f5b3acc8150>
==============
/media/chang/fe3dd8af-5577-42cb-95fb-4bd30a47cc9e/dataset/GRID/frames/s8/bbar6a
<open file '/media/chang/fe3dd8af-5577-42cb-95fb-4bd30a47cc9e/dataset/GRID/align/s8/align/bbar6a.align', mode 'r' at 0x7f5b3acc8270>
==============
/media/chang/fe3dd8af-5577-42cb-95fb-4bd30a47cc9e/dataset/GRID/frames/s8/lgbf4a
<open file '/media/chang/fe3dd8af-5577-42cb-95fb-4bd30a47cc9e/dataset/GRID/align/s8/align/lgbf4a.align', mode 'r' at 0x7f5b3acc80c0>
==============
/media/chang/fe3dd8af-5577-42cb-95fb-4bd30a47cc9e/dataset/GRID/frames/s8/prwp5n
<open file '/media/chang/fe3dd8af-5577-42cb-95fb-4bd30a47cc9e/dataset/GRID/align/s8/align/prwp5n.align', mode 'r' at 0x7f5b3acc8150>
==============
/media/chang/fe3dd8af-5577-42cb-95fb-4bd30a47cc9e/dataset/GRID/frames/s8/lrid1n
<open file '/media/chang/fe3dd8af-5577-42cb-95fb-4bd30a47cc9e/dataset/GRID/align/s8/align/lrid1n.align', mode 'r' at 0x7f5b3acc81e0>
==============
/media/chang/fe3dd8af-5577-42cb-95fb-4bd30a47cc9e/dataset/GRID/frames/s8/sgbv2s
<open file '/media/chang/fe3dd8af-5577-42cb-95fb-4bd30a47cc9e/dataset/GRID/align/s8/align/sgbv2s.align', mode 'r' at 0x7f5b3acc8300>
==============
/media/chang/fe3dd8af-5577-42cb-95fb-4bd30a47cc9e/dataset/GRID/frames/s8/lrid4a
<open file '/media/chang/fe3dd8af-5577-42cb-95fb-4bd30a47cc9e/dataset/GRID/align/s8/align/lrid4a.align', mode 'r' at 0x7f5b3acc8300>
==============
/media/chang/fe3dd8af-5577-42cb-95fb-4bd30a47cc9e/dataset/GRID/frames/s8/lgaz1p
<open file '/media/chang/fe3dd8af-5577-42cb-95fb-4bd30a47cc9e/dataset/GRID/align/s8/align/lgaz1p.align', mode 'r' at 0x7f5b3acc80c0>
==============
/media/chang/fe3dd8af-5577-42cb-95fb-4bd30a47cc9e/dataset/GRID/frames/s8/brbz9p
<open file '/media/chang/fe3dd8af-5577-42cb-95fb-4bd30a47cc9e/dataset/GRID/align/s8/align/brbz9p.align', mode 'r' at 0x7f5b3acc81e0>
==============
/media/chang/fe3dd8af-5577-42cb-95fb-4bd30a47cc9e/dataset/GRID/frames/s8/pwiv5p
<open file '/media/chang/fe3dd8af-5577-42cb-95fb-4bd30a47cc9e/dataset/GRID/align/s8/align/pwiv5p.align', mode 'r' at 0x7f5b3acc81e0>
==============
/media/chang/fe3dd8af-5577-42cb-95fb-4bd30a47cc9e/dataset/GRID/frames/s8/bbie3p
<open file '/media/chang/fe3dd8af-5577-42cb-95fb-4bd30a47cc9e/dataset/GRID/align/s8/align/bbie3p.align', mode 'r' at 0x7f5b3acc8270>
==============
/media/chang/fe3dd8af-5577-42cb-95fb-4bd30a47cc9e/dataset/GRID/frames/s8/pwic2s
<open file '/media/chang/fe3dd8af-5577-42cb-95fb-4bd30a47cc9e/dataset/GRID/align/s8/align/pwic2s.align', mode 'r' at 0x7f5b3acc8150>
==============
/media/chang/fe3dd8af-5577-42cb-95fb-4bd30a47cc9e/dataset/GRID/frames/s8/prao9p
<open file '/media/chang/fe3dd8af-5577-42cb-95fb-4bd30a47cc9e/dataset/GRID/align/s8/align/prao9p.align', mode 'r' at 0x7f5b3acc81e0>
==============
/media/chang/fe3dd8af-5577-42cb-95fb-4bd30a47cc9e/dataset/GRID/frames/s8/srag8s
<open file '/media/chang/fe3dd8af-5577-42cb-95fb-4bd30a47cc9e/dataset/GRID/align/s8/align/srag8s.align', mode 'r' at 0x7f5b3acc8270>
==============
/media/chang/fe3dd8af-5577-42cb-95fb-4bd30a47cc9e/dataset/GRID/frames/s8/lwwz3p
<open file '/media/chang/fe3dd8af-5577-42cb-95fb-4bd30a47cc9e/dataset/GRID/align/s8/align/lwwz3p.align', mode 'r' at 0x7f5b3acc8150>
==============
/media/chang/fe3dd8af-5577-42cb-95fb-4bd30a47cc9e/dataset/GRID/frames/s8/swih2a
<open file '/media/chang/fe3dd8af-5577-42cb-95fb-4bd30a47cc9e/dataset/GRID/align/s8/align/swih2a.align', mode 'r' at 0x7f5b3acc8150>
==============
/media/chang/fe3dd8af-5577-42cb-95fb-4bd30a47cc9e/dataset/GRID/frames/s8/bgim5p
<open file '/media/chang/fe3dd8af-5577-42cb-95fb-4bd30a47cc9e/dataset/GRID/align/s8/align/bgim5p.align', mode 'r' at 0x7f5b3acc8300>
==============
/media/chang/fe3dd8af-5577-42cb-95fb-4bd30a47cc9e/dataset/GRID/frames/s8/lwae1n
<open file '/media/chang/fe3dd8af-5577-42cb-95fb-4bd30a47cc9e/dataset/GRID/align/s8/align/lwae1n.align', mode 'r' at 0x7f5b3acc8270>
==============
/media/chang/fe3dd8af-5577-42cb-95fb-4bd30a47cc9e/dataset/GRID/frames/s8/pwap4s
<open file '/media/chang/fe3dd8af-5577-42cb-95fb-4bd30a47cc9e/dataset/GRID/align/s8/align/pwap4s.align', mode 'r' at 0x7f5b3acc8150>
==============
/media/chang/fe3dd8af-5577-42cb-95fb-4bd30a47cc9e/dataset/GRID/frames/s8/lwid8s
<open file '/media/chang/fe3dd8af-5577-42cb-95fb-4bd30a47cc9e/dataset/GRID/align/s8/align/lwid8s.align', mode 'r' at 0x7f5b3acc80c0>
==============
/media/chang/fe3dd8af-5577-42cb-95fb-4bd30a47cc9e/dataset/GRID/frames/s8/swihzs
<open file '/media/chang/fe3dd8af-5577-42cb-95fb-4bd30a47cc9e/dataset/GRID/align/s8/align/swihzs.align', mode 'r' at 0x7f5b3acc81e0>
==============
/media/chang/fe3dd8af-5577-42cb-95fb-4bd30a47cc9e/dataset/GRID/frames/s8/sgau7n
<open file '/media/chang/fe3dd8af-5577-42cb-95fb-4bd30a47cc9e/dataset/GRID/align/s8/align/sgau7n.align', mode 'r' at 0x7f5b3acc80c0>
==============
/media/chang/fe3dd8af-5577-42cb-95fb-4bd30a47cc9e/dataset/GRID/frames/s8/prwj3p
<open file '/media/chang/fe3dd8af-5577-42cb-95fb-4bd30a47cc9e/dataset/GRID/align/s8/align/prwj3p.align', mode 'r' at 0x7f5b3acc80c0>
==============
/media/chang/fe3dd8af-5577-42cb-95fb-4bd30a47cc9e/dataset/GRID/frames/s8/bgag6a
<open file '/media/chang/fe3dd8af-5577-42cb-95fb-4bd30a47cc9e/dataset/GRID/align/s8/align/bgag6a.align', mode 'r' at 0x7f5b3acc81e0>
==============
/media/chang/fe3dd8af-5577-42cb-95fb-4bd30a47cc9e/dataset/GRID/frames/s8/lgiy7p
<open file '/media/chang/fe3dd8af-5577-42cb-95fb-4bd30a47cc9e/dataset/GRID/align/s8/align/lgiy7p.align', mode 'r' at 0x7f5b3acc8150>
==============
/media/chang/fe3dd8af-5577-42cb-95fb-4bd30a47cc9e/dataset/GRID/frames/s8/sran1n
<open file '/media/chang/fe3dd8af-5577-42cb-95fb-4bd30a47cc9e/dataset/GRID/align/s8/align/sran1n.align', mode 'r' at 0x7f5b3acc81e0>
